{"numFailedTestSuites":0,"numFailedTests":0,"numPassedTestSuites":2,"numPassedTests":7,"numPendingTestSuites":0,"numPendingTests":0,"numRuntimeErrorTestSuites":0,"numTodoTests":0,"numTotalTestSuites":2,"numTotalTests":7,"openHandles":[],"snapshot":{"added":0,"didUpdate":false,"failure":false,"filesAdded":0,"filesRemoved":0,"filesRemovedList":[],"filesUnmatched":0,"filesUpdated":0,"matched":0,"total":0,"unchecked":0,"uncheckedKeysByFile":[],"unmatched":0,"updated":0},"startTime":1676648687601,"success":true,"testResults":[{"assertionResults":[{"ancestorTitles":["In CreationProperties.ts","successResultCreationPropertiesSchema()"],"duration":2,"failureDetails":[],"failureMessages":[],"fullName":"In CreationProperties.ts successResultCreationPropertiesSchema() should return a Zod schema that can validate against any creation properties matching a correct success tuple","invocations":1,"location":null,"numPassingAsserts":10,"retryReasons":[],"status":"passed","title":"should return a Zod schema that can validate against any creation properties matching a correct success tuple"},{"ancestorTitles":["In CreationProperties.ts","errorResultCreationPropertiesSchema()"],"duration":2,"failureDetails":[],"failureMessages":[],"fullName":"In CreationProperties.ts errorResultCreationPropertiesSchema() should return a Zod schema that can validate against any creation properties matching a correct error tuple","invocations":1,"location":null,"numPassingAsserts":12,"retryReasons":[],"status":"passed","title":"should return a Zod schema that can validate against any creation properties matching a correct error tuple"},{"ancestorTitles":["In CreationProperties.ts","resultCreationPropertiesSchema()"],"duration":1,"failureDetails":[],"failureMessages":[],"fullName":"In CreationProperties.ts resultCreationPropertiesSchema() should return a Zod schema that can validate against any creation properties matching a correct result tuple","invocations":1,"location":null,"numPassingAsserts":10,"retryReasons":[],"status":"passed","title":"should return a Zod schema that can validate against any creation properties matching a correct result tuple"}],"endTime":1676648688137,"message":"","name":"/home/arnaud/Développements/giteries/sheldon-dev/workspaces/JS/result-js/src/CreationProperties.spec.ts","startTime":1676648687636,"status":"passed","summary":""},{"assertionResults":[{"ancestorTitles":["In Result.ts","Result class"],"duration":1,"failureDetails":[],"failureMessages":[],"fullName":"In Result.ts Result class should create a correct failure result object, when given an error message string","invocations":1,"location":null,"numPassingAsserts":8,"retryReasons":[],"status":"passed","title":"should create a correct failure result object, when given an error message string"},{"ancestorTitles":["In Result.ts","Result class"],"duration":0,"failureDetails":[],"failureMessages":[],"fullName":"In Result.ts Result class should create a correct failure result object, when given an error object","invocations":1,"location":null,"numPassingAsserts":9,"retryReasons":[],"status":"passed","title":"should create a correct failure result object, when given an error object"},{"ancestorTitles":["In Result.ts","Result class"],"duration":1,"failureDetails":[],"failureMessages":[],"fullName":"In Result.ts Result class should create a correct success result object","invocations":1,"location":null,"numPassingAsserts":7,"retryReasons":[],"status":"passed","title":"should create a correct success result object"},{"ancestorTitles":["In Result.ts","resultSchema"],"duration":3,"failureDetails":[],"failureMessages":[],"fullName":"In Result.ts resultSchema should return a schema matching a Result object","invocations":1,"location":null,"numPassingAsserts":9,"retryReasons":[],"status":"passed","title":"should return a schema matching a Result object"}],"endTime":1676648688198,"message":"","name":"/home/arnaud/Développements/giteries/sheldon-dev/workspaces/JS/result-js/src/Result.spec.ts","startTime":1676648688141,"status":"passed","summary":""}],"wasInterrupted":false,"coverageMap":{"/home/arnaud/Développements/giteries/sheldon-dev/workspaces/JS/result-js/src/CreationProperties.ts":{"path":"/home/arnaud/Développements/giteries/sheldon-dev/workspaces/JS/result-js/src/CreationProperties.ts","statementMap":{"0":{"start":{"line":2,"column":0},"end":{"line":2,"column":62}},"1":{"start":{"line":3,"column":0},"end":{"line":3,"column":142}},"2":{"start":{"line":4,"column":14},"end":{"line":4,"column":28}},"3":{"start":{"line":6,"column":4},"end":{"line":6,"column":136}},"4":{"start":{"line":8,"column":0},"end":{"line":8,"column":86}},"5":{"start":{"line":10,"column":4},"end":{"line":10,"column":194}},"6":{"start":{"line":12,"column":0},"end":{"line":12,"column":82}},"7":{"start":{"line":14,"column":4},"end":{"line":17,"column":7}},"8":{"start":{"line":19,"column":0},"end":{"line":19,"column":72}}},"fnMap":{"0":{"name":"successResultCreationPropertiesSchema","decl":{"start":{"line":5,"column":9},"end":{"line":5,"column":46}},"loc":{"start":{"line":5,"column":82},"end":{"line":7,"column":1}},"line":5},"1":{"name":"errorResultCreationPropertiesSchema","decl":{"start":{"line":9,"column":9},"end":{"line":9,"column":44}},"loc":{"start":{"line":9,"column":62},"end":{"line":11,"column":1}},"line":9},"2":{"name":"resultCreationPropertiesSchema","decl":{"start":{"line":13,"column":9},"end":{"line":13,"column":39}},"loc":{"start":{"line":13,"column":75},"end":{"line":18,"column":1}},"line":13}},"branchMap":{"0":{"loc":{"start":{"line":6,"column":44},"end":{"line":6,"column":133}},"type":"cond-expr","locations":[{"start":{"line":6,"column":101},"end":{"line":6,"column":116}},{"start":{"line":6,"column":119},"end":{"line":6,"column":133}}],"line":6},"1":{"loc":{"start":{"line":6,"column":44},"end":{"line":6,"column":98}},"type":"binary-expr","locations":[{"start":{"line":6,"column":44},"end":{"line":6,"column":68}},{"start":{"line":6,"column":72},"end":{"line":6,"column":98}}],"line":6},"2":{"loc":{"start":{"line":10,"column":26},"end":{"line":10,"column":115}},"type":"cond-expr","locations":[{"start":{"line":10,"column":83},"end":{"line":10,"column":98}},{"start":{"line":10,"column":101},"end":{"line":10,"column":115}}],"line":10},"3":{"loc":{"start":{"line":10,"column":26},"end":{"line":10,"column":80}},"type":"binary-expr","locations":[{"start":{"line":10,"column":26},"end":{"line":10,"column":50}},{"start":{"line":10,"column":54},"end":{"line":10,"column":80}}],"line":10}},"s":{"0":1,"1":1,"2":1,"3":3,"4":1,"5":3,"6":1,"7":1,"8":1},"f":{"0":3,"1":3,"2":1},"b":{"0":[1,2],"1":[3,3],"2":[1,2],"3":[3,3]},"_coverageSchema":"1a1c01bbd47fc00a2c39e90264f33305004495a9","hash":"5a38b6cd7cb59171a4351deab43c938c76c90eaa"},"/home/arnaud/Développements/giteries/sheldon-dev/workspaces/JS/result-js/src/Result.ts":{"path":"/home/arnaud/Développements/giteries/sheldon-dev/workspaces/JS/result-js/src/Result.ts","statementMap":{"0":{"start":{"line":2,"column":0},"end":{"line":2,"column":62}},"1":{"start":{"line":3,"column":0},"end":{"line":3,"column":47}},"2":{"start":{"line":4,"column":14},"end":{"line":4,"column":28}},"3":{"start":{"line":6,"column":4},"end":{"line":13,"column":7}},"4":{"start":{"line":15,"column":0},"end":{"line":15,"column":36}},"5":{"start":{"line":25,"column":8},"end":{"line":25,"column":29}},"6":{"start":{"line":26,"column":8},"end":{"line":31,"column":9}},"7":{"start":{"line":27,"column":12},"end":{"line":27,"column":35}},"8":{"start":{"line":30,"column":12},"end":{"line":30,"column":88}},"9":{"start":{"line":32,"column":8},"end":{"line":32,"column":28}},"10":{"start":{"line":35,"column":8},"end":{"line":35,"column":27}},"11":{"start":{"line":38,"column":8},"end":{"line":38,"column":27}},"12":{"start":{"line":41,"column":8},"end":{"line":41,"column":24}},"13":{"start":{"line":44,"column":8},"end":{"line":44,"column":24}},"14":{"start":{"line":47,"column":8},"end":{"line":47,"column":25}},"15":{"start":{"line":50,"column":8},"end":{"line":50,"column":25}},"16":{"start":{"line":53,"column":8},"end":{"line":53,"column":41}},"17":{"start":{"line":56,"column":8},"end":{"line":56,"column":39}},"18":{"start":{"line":59,"column":0},"end":{"line":59,"column":24}}},"fnMap":{"0":{"name":"resultSchema","decl":{"start":{"line":5,"column":9},"end":{"line":5,"column":21}},"loc":{"start":{"line":5,"column":40},"end":{"line":14,"column":1}},"line":5},"1":{"name":"(anonymous_1)","decl":{"start":{"line":24,"column":4},"end":{"line":24,"column":5}},"loc":{"start":{"line":24,"column":23},"end":{"line":33,"column":5}},"line":24},"2":{"name":"(anonymous_2)","decl":{"start":{"line":34,"column":4},"end":{"line":34,"column":5}},"loc":{"start":{"line":34,"column":16},"end":{"line":36,"column":5}},"line":34},"3":{"name":"(anonymous_3)","decl":{"start":{"line":37,"column":4},"end":{"line":37,"column":5}},"loc":{"start":{"line":37,"column":16},"end":{"line":39,"column":5}},"line":37},"4":{"name":"(anonymous_4)","decl":{"start":{"line":40,"column":4},"end":{"line":40,"column":5}},"loc":{"start":{"line":40,"column":15},"end":{"line":42,"column":5}},"line":40},"5":{"name":"(anonymous_5)","decl":{"start":{"line":43,"column":4},"end":{"line":43,"column":5}},"loc":{"start":{"line":43,"column":20},"end":{"line":45,"column":5}},"line":43},"6":{"name":"(anonymous_6)","decl":{"start":{"line":46,"column":4},"end":{"line":46,"column":5}},"loc":{"start":{"line":46,"column":18},"end":{"line":48,"column":5}},"line":46},"7":{"name":"(anonymous_7)","decl":{"start":{"line":49,"column":4},"end":{"line":49,"column":5}},"loc":{"start":{"line":49,"column":20},"end":{"line":51,"column":5}},"line":49},"8":{"name":"(anonymous_8)","decl":{"start":{"line":52,"column":4},"end":{"line":52,"column":5}},"loc":{"start":{"line":52,"column":26},"end":{"line":54,"column":5}},"line":52},"9":{"name":"(anonymous_9)","decl":{"start":{"line":55,"column":4},"end":{"line":55,"column":5}},"loc":{"start":{"line":55,"column":21},"end":{"line":57,"column":5}},"line":55}},"branchMap":{"0":{"loc":{"start":{"line":8,"column":16},"end":{"line":8,"column":111}},"type":"cond-expr","locations":[{"start":{"line":8,"column":75},"end":{"line":8,"column":91}},{"start":{"line":8,"column":94},"end":{"line":8,"column":111}}],"line":8},"1":{"loc":{"start":{"line":8,"column":16},"end":{"line":8,"column":72}},"type":"binary-expr","locations":[{"start":{"line":8,"column":16},"end":{"line":8,"column":41}},{"start":{"line":8,"column":45},"end":{"line":8,"column":72}}],"line":8},"2":{"loc":{"start":{"line":26,"column":8},"end":{"line":31,"column":9}},"type":"if","locations":[{"start":{"line":26,"column":8},"end":{"line":31,"column":9}},{"start":{"line":29,"column":13},"end":{"line":31,"column":9}}],"line":26},"3":{"loc":{"start":{"line":30,"column":26},"end":{"line":30,"column":87}},"type":"cond-expr","locations":[{"start":{"line":30,"column":57},"end":{"line":30,"column":76}},{"start":{"line":30,"column":79},"end":{"line":30,"column":87}}],"line":30}},"s":{"0":1,"1":1,"2":1,"3":3,"4":1,"5":5,"6":5,"7":3,"8":2,"9":5,"10":14,"11":9,"12":9,"13":9,"14":9,"15":9,"16":3,"17":2,"18":1},"f":{"0":3,"1":5,"2":14,"3":9,"4":9,"5":9,"6":9,"7":9,"8":3,"9":2},"b":{"0":[2,1],"1":[3,3],"2":[3,2],"3":[1,1]},"_coverageSchema":"1a1c01bbd47fc00a2c39e90264f33305004495a9","hash":"bc58679e5e981a967e7b0ac7b12f347afad504f1"}}}
