{"numFailedTestSuites":0,"numFailedTests":0,"numPassedTestSuites":1,"numPassedTests":3,"numPendingTestSuites":0,"numPendingTests":0,"numRuntimeErrorTestSuites":0,"numTodoTests":0,"numTotalTestSuites":1,"numTotalTests":3,"openHandles":[],"snapshot":{"added":0,"didUpdate":false,"failure":false,"filesAdded":0,"filesRemoved":0,"filesRemovedList":[],"filesUnmatched":0,"filesUpdated":0,"matched":0,"total":0,"unchecked":0,"uncheckedKeysByFile":[],"unmatched":0,"updated":0},"startTime":1675699990798,"success":true,"testResults":[{"assertionResults":[{"ancestorTitles":["Result class"],"duration":2,"failureDetails":[],"failureMessages":[],"fullName":"Result class should create a correct failure result object, when given an error message string","invocations":1,"location":null,"numPassingAsserts":8,"retryReasons":[],"status":"passed","title":"should create a correct failure result object, when given an error message string"},{"ancestorTitles":["Result class"],"duration":0,"failureDetails":[],"failureMessages":[],"fullName":"Result class should create a correct failure result object, when given an error object","invocations":1,"location":null,"numPassingAsserts":9,"retryReasons":[],"status":"passed","title":"should create a correct failure result object, when given an error object"},{"ancestorTitles":["Result class"],"duration":1,"failureDetails":[],"failureMessages":[],"fullName":"Result class should create a correct success result object","invocations":1,"location":null,"numPassingAsserts":7,"retryReasons":[],"status":"passed","title":"should create a correct success result object"}],"endTime":1675699991361,"message":"","name":"/home/arnaud/Développements/giteries/sheldon-dev/workspaces/JS/result-js/src/Result.spec.ts","startTime":1675699990833,"status":"passed","summary":""}],"wasInterrupted":false,"coverageMap":{"/home/arnaud/Développements/giteries/sheldon-dev/workspaces/JS/result-js/src/Result.ts":{"path":"/home/arnaud/Développements/giteries/sheldon-dev/workspaces/JS/result-js/src/Result.ts","statementMap":{"0":{"start":{"line":16,"column":2},"end":{"line":16,"column":null}},"1":{"start":{"line":17,"column":2},"end":{"line":21,"column":null}},"2":{"start":{"line":18,"column":3},"end":{"line":18,"column":null}},"3":{"start":{"line":20,"column":3},"end":{"line":20,"column":null}},"4":{"start":{"line":22,"column":2},"end":{"line":22,"column":null}},"5":{"start":{"line":26,"column":2},"end":{"line":26,"column":null}},"6":{"start":{"line":29,"column":2},"end":{"line":29,"column":null}},"7":{"start":{"line":32,"column":2},"end":{"line":32,"column":null}},"8":{"start":{"line":35,"column":2},"end":{"line":35,"column":null}},"9":{"start":{"line":38,"column":2},"end":{"line":38,"column":null}},"10":{"start":{"line":41,"column":2},"end":{"line":41,"column":null}},"11":{"start":{"line":45,"column":2},"end":{"line":45,"column":null}},"12":{"start":{"line":49,"column":2},"end":{"line":49,"column":null}},"13":{"start":{"line":10,"column":0},"end":{"line":10,"column":13}}},"fnMap":{"0":{"name":"(anonymous_0)","decl":{"start":{"line":15,"column":1},"end":{"line":15,"column":21}},"loc":{"start":{"line":15,"column":56},"end":{"line":23,"column":2}}},"1":{"name":"(anonymous_1)","decl":{"start":{"line":25,"column":1},"end":{"line":25,"column":5}},"loc":{"start":{"line":25,"column":10},"end":{"line":27,"column":2}}},"2":{"name":"(anonymous_2)","decl":{"start":{"line":28,"column":1},"end":{"line":28,"column":5}},"loc":{"start":{"line":28,"column":10},"end":{"line":30,"column":2}}},"3":{"name":"(anonymous_3)","decl":{"start":{"line":31,"column":1},"end":{"line":31,"column":5}},"loc":{"start":{"line":31,"column":9},"end":{"line":33,"column":2}}},"4":{"name":"(anonymous_4)","decl":{"start":{"line":34,"column":1},"end":{"line":34,"column":5}},"loc":{"start":{"line":34,"column":14},"end":{"line":36,"column":2}}},"5":{"name":"(anonymous_5)","decl":{"start":{"line":37,"column":1},"end":{"line":37,"column":5}},"loc":{"start":{"line":37,"column":12},"end":{"line":39,"column":2}}},"6":{"name":"(anonymous_6)","decl":{"start":{"line":40,"column":1},"end":{"line":40,"column":5}},"loc":{"start":{"line":40,"column":14},"end":{"line":42,"column":2}}},"7":{"name":"(anonymous_7)","decl":{"start":{"line":44,"column":1},"end":{"line":44,"column":7}},"loc":{"start":{"line":44,"column":37},"end":{"line":46,"column":2}}},"8":{"name":"(anonymous_8)","decl":{"start":{"line":48,"column":1},"end":{"line":48,"column":7}},"loc":{"start":{"line":48,"column":45},"end":{"line":50,"column":2}}}},"branchMap":{"0":{"loc":{"start":{"line":17,"column":2},"end":{"line":21,"column":null}},"type":"if","locations":[{"start":{"line":17,"column":2},"end":{"line":21,"column":null}},{"start":{"line":19,"column":9},"end":{"line":21,"column":null}}]},"1":{"loc":{"start":{"line":20,"column":17},"end":{"line":20,"column":81}},"type":"cond-expr","locations":[{"start":{"line":20,"column":49},"end":{"line":20,"column":69}},{"start":{"line":20,"column":72},"end":{"line":20,"column":81}}]}},"s":{"0":3,"1":3,"2":1,"3":2,"4":3,"5":8,"6":3,"7":3,"8":3,"9":3,"10":3,"11":1,"12":2,"13":1},"f":{"0":3,"1":8,"2":3,"3":3,"4":3,"5":3,"6":3,"7":1,"8":2},"b":{"0":[1,2],"1":[1,1]}}}}
